c:\work\33\blessnhs\gwpm\hub\lib\gsnetwork\x64\release\gsnetwork.pch
c:\work\33\blessnhs\gwpm\hub\lib\gsnetwork\x64\release\gsnetwork.pdb
c:\work\33\blessnhs\gwpm\hub\lib\gsnetwork\x64\release\stdafx.obj
c:\work\33\blessnhs\gwpm\hub\lib\gsnetwork\x64\release\gsclientmodule.obj
c:\work\33\blessnhs\gwpm\hub\lib\gsnetwork\x64\release\lock.obj
c:\work\33\blessnhs\gwpm\hub\lib\gsnetwork\x64\release\base64.obj
c:\work\33\blessnhs\gwpm\hub\lib\gsnetwork\x64\release\gspacketudp.obj
c:\work\33\blessnhs\gwpm\hub\lib\gsnetwork\x64\release\msg_player_query.obj
c:\work\33\blessnhs\gwpm\hub\lib\gsnetwork\x64\release\gslog.obj
c:\work\33\blessnhs\gwpm\hub\lib\gsnetwork\x64\release\igscontainer.obj
c:\work\33\blessnhs\gwpm\hub\lib\gsnetwork\x64\release\gseventselect.obj
c:\work\33\blessnhs\gwpm\hub\lib\gsnetwork\x64\release\gssocketudp.obj
c:\work\33\blessnhs\gwpm\hub\lib\gsnetwork\x64\release\consolehelper.obj
c:\work\33\blessnhs\gwpm\hub\lib\gsnetwork\x64\release\gstimerjob.obj
c:\work\33\blessnhs\gwpm\hub\lib\gsnetwork\x64\release\typelist.obj
c:\work\33\blessnhs\gwpm\hub\lib\gsnetwork\x64\release\gsallocator.obj
c:\work\33\blessnhs\gwpm\hub\lib\gsnetwork\x64\release\gsserveragent.obj
c:\work\33\blessnhs\gwpm\hub\lib\gsnetwork\x64\release\gwsqllitemgr.obj
c:\work\33\blessnhs\gwpm\hub\lib\gsnetwork\x64\release\adapt.obj
c:\work\33\blessnhs\gwpm\hub\lib\gsnetwork\x64\release\lzf_d.obj
c:\work\33\blessnhs\gwpm\hub\lib\gsnetwork\x64\release\functor.obj
c:\work\33\blessnhs\gwpm\hub\lib\gsnetwork\x64\release\gssocket.obj
c:\work\33\blessnhs\gwpm\hub\lib\gsnetwork\x64\release\systimer.obj
c:\work\33\blessnhs\gwpm\hub\lib\gsnetwork\x64\release\gsbuffer.obj
c:\work\33\blessnhs\gwpm\hub\lib\gsnetwork\x64\release\minidumphelp.obj
c:\work\33\blessnhs\gwpm\hub\lib\gsnetwork\x64\release\requestplayerauth.obj
c:\work\33\blessnhs\gwpm\hub\lib\gsnetwork\x64\release\iclientsession.obj
c:\work\33\blessnhs\gwpm\hub\lib\gsnetwork\x64\release\sfcrashhandler.obj
c:\work\33\blessnhs\gwpm\hub\lib\gsnetwork\x64\release\gsreactor.obj
c:\work\33\blessnhs\gwpm\hub\lib\gsnetwork\x64\release\msg_player_time.obj
c:\work\33\blessnhs\gwpm\hub\lib\gsnetwork\x64\release\gscrypt.obj
c:\work\33\blessnhs\gwpm\hub\lib\gsnetwork\x64\release\gsreactorimpl.obj
c:\work\33\blessnhs\gwpm\hub\lib\gsnetwork\x64\release\singletonholder.obj
c:\work\33\blessnhs\gwpm\hub\lib\gsnetwork\x64\release\sfexceptionhandlerutil.obj
c:\work\33\blessnhs\gwpm\hub\lib\gsnetwork\x64\release\gsproactorimpl.obj
c:\work\33\blessnhs\gwpm\hub\lib\gsnetwork\x64\release\packetbuffer.obj
c:\work\33\blessnhs\gwpm\hub\lib\gsnetwork\x64\release\gsodbc.obj
c:\work\33\blessnhs\gwpm\hub\lib\gsnetwork\x64\release\gstallocator.obj
c:\work\33\blessnhs\gwpm\hub\lib\gsnetwork\x64\release\dump.obj
c:\work\33\blessnhs\gwpm\hub\lib\gsnetwork\x64\release\gsproactor.obj
c:\work\33\blessnhs\gwpm\hub\lib\gsnetwork\x64\release\msg_player_query_res.obj
c:\work\33\blessnhs\gwpm\hub\lib\gsnetwork\x64\release\clearconcurrent.obj
c:\work\33\blessnhs\gwpm\hub\lib\gsnetwork\x64\release\imanager.obj
c:\work\33\blessnhs\gwpm\hub\lib\gsnetwork\x64\release\stackwalker.obj
c:\work\33\blessnhs\gwpm\hub\lib\gsnetwork\x64\release\gspacket.obj
c:\work\33\blessnhs\gwpm\hub\lib\gsnetwork\x64\release\msg_player_close.obj
c:\work\33\blessnhs\gwpm\hub\lib\gsnetwork\x64\release\gsobject.obj
c:\work\33\blessnhs\gwpm\hub\lib\gsnetwork\x64\release\gstimerq.obj
c:\work\33\blessnhs\gwpm\hub\lib\gsnetwork\x64\release\gsdispatch.obj
c:\work\33\blessnhs\gwpm\hub\lib\gsnetwork\x64\release\iprocess.obj
c:\work\33\blessnhs\gwpm\hub\lib\gsnetwork\x64\release\closeplayer.obj
c:\work\33\blessnhs\gwpm\hub\lib\gsnetwork\x64\release\iudpprocess.obj
c:\work\33\blessnhs\gwpm\hub\lib\gsnetwork\x64\release\gscommand.obj
c:\work\33\blessnhs\gwpm\hub\lib\gsnetwork\x64\release\iplayer.obj
c:\work\33\blessnhs\gwpm\hub\lib\gsnetwork\x64\release\commonsock.obj
c:\work\33\blessnhs\gwpm\hub\lib\gsnetwork\x64\release\gssockettcp.obj
c:\work\33\blessnhs\gwpm\hub\lib\gsnetwork\x64\release\dbprocesscontainer.obj
c:\work\33\blessnhs\gwpm\hub\lib\gsnetwork\x64\release\lzf_c.obj
c:\work\33\blessnhs\gwpm\hub\lib\gsnetwork\x64\release\gsguard.obj
c:\work\33\blessnhs\gwpm\hub\lib\gsnetwork\x64\release\gsserver.obj
c:\work\33\blessnhs\gwpm\hub\lib\gsnetwork\x64\release\systimerjob.obj
c:\work\33\blessnhs\gwpm\hub\lib\gsnetwork\x64\release\gsargument.obj
c:\work\33\blessnhs\gwpm\hub\lib\gsnetwork\x64\release\iserverprocess.obj
c:\work\33\blessnhs\gwpm\hub\lib\gsnetwork\x64\release\crashrepoter.obj
c:\work\33\blessnhs\gwpm\hub\lib\gsnetwork\x64\release\gspackettcp.obj
c:\work\33\blessnhs\gwpm\hub\lib\gsnetwork\x64\release\msg_player_packet.obj
c:\work\33\blessnhs\gwpm\hub\lib\gsnetwork\x64\release\dbprocess.obj
c:\work\33\blessnhs\gwpm\hub\lib\gsnetwork\x64\release\iplayerprocess.obj
c:\work\33\blessnhs\gwpm\hub\lib\gsnetwork\x64\release\gsclientmgr.obj
c:\work\33\blessnhs\gwpm\hub\lib\gsnetwork\x64\release\msg_player_accept.obj
c:\work\33\blessnhs\gwpm\hub\lib\gsnetwork\x64\release\gsiocp.obj
c:\work\33\blessnhs\gwpm\hub\lib\gsnetwork\x64\release\minidump.obj
c:\work\33\blessnhs\gwpm\hub\lib\gsnetwork\x64\release\gsmainprocess.obj
c:\work\33\blessnhs\gwpm\hub\lib\gsnetwork\x64\release\ifactory.obj
c:\work\33\blessnhs\gwpm\hub\lib\gsnetwork\x64\release\gsmempool.obj
c:\work\33\blessnhs\gwpm\hub\lib\gsnetwork\x64\release\gsserialize.obj
c:\work\33\blessnhs\gwpm\hub\lib\gsnetwork\x64\release\cppsqlite3.obj
c:\work\33\blessnhs\gwpm\hub\lib\gsnetwork\x64\release\gsclient.obj
c:\work\33\blessnhs\gwpm\hub\lib\gsnetwork\x64\release\msg_packet_udp.obj
c:\work\33\blessnhs\gwpm\hub\lib\gsnetwork\x64\release\shell.obj
c:\work\33\blessnhs\gwpm\hub\lib\gsnetwork\x64\release\sqlite3.obj
c:\work\33\blessnhs\gwpm\hub\lib\gsnetwork\x64\release\vcpkg.applocal.log
c:\work\33\blessnhs\gwpm\hub\lib\common\gscore\gsnetwork.lib
c:\work\33\blessnhs\gwpm\hub\lib\gsnetwork\x64\release\gsnetwork.tlog\cl.command.1.tlog
c:\work\33\blessnhs\gwpm\hub\lib\gsnetwork\x64\release\gsnetwork.tlog\cl.read.1.tlog
c:\work\33\blessnhs\gwpm\hub\lib\gsnetwork\x64\release\gsnetwork.tlog\cl.write.1.tlog
c:\work\33\blessnhs\gwpm\hub\lib\gsnetwork\x64\release\gsnetwork.tlog\gsnetwork.write.1u.tlog
c:\work\33\blessnhs\gwpm\hub\lib\gsnetwork\x64\release\gsnetwork.tlog\lib-link.read.1.tlog
c:\work\33\blessnhs\gwpm\hub\lib\gsnetwork\x64\release\gsnetwork.tlog\lib-link.write.1.tlog
c:\work\33\blessnhs\gwpm\hub\lib\gsnetwork\x64\release\gsnetwork.tlog\lib.command.1.tlog
